SF:lib/src/features/user/data/model/user.dart
DA:16,2
DA:27,2
LF:2
LH:2
end_of_record
SF:lib/src/features/user/data/model/user.g.dart
DA:9,2
DA:10,1
DA:11,1
DA:12,1
DA:13,1
DA:14,1
DA:15,3
DA:16,1
DA:19,0
DA:20,0
DA:21,0
DA:22,0
DA:23,0
DA:24,0
DA:25,0
DA:28,2
DA:29,1
DA:30,1
DA:31,1
DA:34,0
DA:35,0
DA:36,0
DA:37,0
DA:38,0
LF:24
LH:12
end_of_record
SF:lib/src/injector.dart
DA:6,12
DA:8,4
DA:14,4
DA:15,4
LF:4
LH:4
end_of_record
SF:lib/main.dart
DA:6,0
DA:7,0
DA:8,0
DA:9,0
DA:13,5
DA:16,1
DA:18,1
DA:20,1
DA:38,4
DA:51,1
DA:52,1
DA:58,1
DA:59,2
DA:65,2
DA:69,1
DA:77,1
DA:78,1
DA:81,3
DA:83,1
DA:86,1
DA:102,1
DA:106,1
DA:107,2
DA:108,3
DA:113,1
DA:114,1
LF:26
LH:22
end_of_record
SF:lib/src/core/mapper.dart
DA:3,0
DA:8,0
LF:2
LH:0
end_of_record
SF:lib/src/features/user/user.module.dart
DA:10,0
DA:11,0
LF:2
LH:0
end_of_record
SF:lib/src/features/user/data/source/remote/user.g.dart
DA:12,1
DA:21,1
DA:24,1
DA:25,1
DA:26,1
DA:28,4
DA:33,1
DA:34,2
DA:39,5
DA:40,1
DA:41,3
DA:42,1
DA:46,1
DA:47,1
DA:48,2
DA:49,2
DA:50,1
DA:51,0
DA:53,1
LF:19
LH:18
end_of_record
SF:lib/src/features/user/data/mapper/user_mapper.dart
DA:11,1
DA:13,4
DA:14,1
DA:15,1
DA:16,3
DA:17,1
DA:18,3
LF:7
LH:7
end_of_record
SF:lib/src/features/user/domain/entity/user.dart
DA:8,0
LF:1
LH:0
end_of_record
SF:lib/src/features/login/login.module.dart
DA:11,0
DA:12,0
LF:2
LH:0
end_of_record
SF:lib/src/features/login/data/respository/login_impl.dart
DA:13,0
DA:18,0
DA:23,0
LF:3
LH:0
end_of_record
SF:lib/src/features/login/data/source/remote/login.g.dart
DA:12,0
DA:21,0
DA:27,0
DA:28,0
DA:29,0
DA:30,0
DA:31,0
DA:36,0
DA:37,0
DA:42,0
DA:43,0
DA:47,0
DA:48,0
DA:49,0
DA:50,0
DA:51,0
DA:52,0
DA:54,0
LF:18
LH:0
end_of_record
SF:lib/src/features/login/data/mapper/auth_mapper.dart
DA:14,0
DA:15,0
DA:16,0
DA:17,0
DA:18,0
DA:21,0
DA:22,0
DA:23,0
DA:24,0
DA:25,0
LF:10
LH:0
end_of_record
SF:lib/src/features/login/data/model/auth.dart
DA:16,0
LF:1
LH:0
end_of_record
SF:lib/src/features/login/data/model/auth.g.dart
DA:9,0
DA:10,0
DA:11,0
DA:12,0
DA:15,0
DA:16,0
DA:17,0
DA:18,0
DA:19,0
LF:9
LH:0
end_of_record
SF:lib/src/features/login/domain/entity/auth.dart
DA:9,0
DA:17,0
LF:2
LH:0
end_of_record
SF:lib/src/features/login/domain/entity/user.dart
DA:8,1
LF:1
LH:1
end_of_record
SF:lib/src/di.dart
DA:6,4
DA:9,4
DA:10,4
DA:11,8
LF:4
LH:4
end_of_record
SF:lib/src/injector.config.dart
DA:25,4
DA:30,4
DA:35,4
DA:36,4
DA:37,4
DA:38,8
DA:39,4
DA:40,8
DA:43,8
DA:44,4
DA:45,8
DA:46,4
DA:47,0
DA:50,4
DA:51,0
DA:52,0
DA:54,4
DA:55,0
LF:18
LH:14
end_of_record
