SF:lib/features/login/data/model/user.dart
DA:14,0
DA:25,0
DA:26,0
LF:3
LH:0
end_of_record
SF:lib/features/login/data/model/user.g.dart
DA:9,0
DA:10,0
DA:11,0
DA:12,0
DA:13,0
DA:14,0
DA:17,0
DA:18,0
DA:19,0
DA:20,0
DA:23,0
DA:24,0
DA:25,0
DA:26,0
DA:29,0
DA:30,0
DA:31,0
DA:32,0
DA:33,0
LF:19
LH:0
end_of_record
SF:lib/main.dart
DA:3,0
DA:4,0
DA:8,2
DA:11,0
DA:13,0
DA:15,0
DA:33,1
DA:46,0
DA:47,0
DA:53,0
DA:54,0
DA:60,0
DA:64,0
DA:72,0
DA:73,0
DA:76,0
DA:78,0
DA:81,0
DA:97,0
DA:101,0
DA:102,0
DA:103,0
DA:108,0
DA:109,0
LF:24
LH:2
end_of_record
